<?xml version="1.0" encoding="UTF-8"?>
<!-- Generated by org.testng.reporters.JUnitReportReporter -->
<testsuite skipped="0" hostname="Harshith" name="test.GseasAttendanceTest" tests="1" failures="0" timestamp="02 Jan 2019 08:03:56 GMT" time="32.596" errors="0">
  <testcase name="Test" time="32.596" classname="test.GseasAttendanceTest"/>
</testsuite> <!-- test.GseasAttendanceTest -->
