<?xml version="1.0" encoding="UTF-8"?>
<!-- Generated by org.testng.reporters.JUnitReportReporter -->
<testsuite skipped="0" hostname="Harshith" name="test.UploadingContentsTest" tests="1" failures="0" timestamp="13 Dec 2018 07:40:11 GMT" time="29.294" errors="0">
  <testcase name="Test" time="29.294" classname="test.UploadingContentsTest"/>
</testsuite> <!-- test.UploadingContentsTest -->
