<?xml version="1.0" encoding="UTF-8"?>
<!-- Generated by org.testng.reporters.JUnitReportReporter -->
<testsuite skipped="0" hostname="Harshith" name="test.GseasSignInTest" tests="1" failures="0" timestamp="28 Dec 2018 10:31:27 GMT" time="27.538" errors="0">
  <testcase name="Test" time="27.538" classname="test.GseasSignInTest"/>
</testsuite> <!-- test.GseasSignInTest -->
