<?xml version="1.0" encoding="UTF-8"?>
<!-- Generated by org.testng.reporters.JUnitReportReporter -->
<testsuite skipped="0" hostname="Harshith" name="test.RegisterTest" tests="1" failures="0" timestamp="10 Nov 2018 10:12:40 GMT" time="36.559" errors="0">
  <testcase name="Test" time="36.559" classname="test.RegisterTest"/>
</testsuite> <!-- test.RegisterTest -->
