<?xml version="1.0" encoding="UTF-8"?>
<!-- Generated by org.testng.reporters.JUnitReportReporter -->
<testsuite skipped="0" hostname="Harshith" name="test.GseasAssessmentTest" tests="1" failures="0" timestamp="28 Dec 2018 10:18:16 GMT" time="33.513" errors="0">
  <testcase name="Test" time="33.513" classname="test.GseasAssessmentTest"/>
</testsuite> <!-- test.GseasAssessmentTest -->
