<?xml version="1.0" encoding="UTF-8"?>
<!-- Generated by org.testng.reporters.JUnitReportReporter -->
<testsuite skipped="0" hostname="Harshith" name="test.CollaborateTest" tests="1" failures="0" timestamp="27 Dec 2018 12:44:57 GMT" time="38.110" errors="0">
  <testcase name="Test" time="38.110" classname="test.CollaborateTest"/>
</testsuite> <!-- test.CollaborateTest -->
